TN:
SF:src/index.js
FN:3,capitalise
FN:7,reverseString
FN:23,add
FN:26,subtract
FN:29,divide
FN:32,multiply
FN:37,caesarCipher
FN:87,analyseArray
FNF:8
FNH:8
FNDA:1,capitalise
FNDA:2,reverseString
FNDA:3,add
FNDA:3,subtract
FNDA:3,divide
FNDA:3,multiply
FNDA:1,caesarCipher
FNDA:1,analyseArray
DA:1,1
DA:2,1
DA:3,1
DA:4,1
DA:5,1
DA:6,1
DA:7,2
DA:8,2
DA:9,2
DA:10,2
DA:11,2
DA:12,4
DA:13,4
DA:14,4
DA:15,4
DA:16,4
DA:17,2
DA:18,2
DA:19,2
DA:20,2
DA:21,1
DA:22,1
DA:23,1
DA:24,3
DA:25,1
DA:26,1
DA:27,3
DA:28,1
DA:29,1
DA:30,3
DA:31,1
DA:32,1
DA:33,3
DA:34,3
DA:35,1
DA:36,1
DA:37,1
DA:38,1
DA:39,1
DA:40,1
DA:41,1
DA:42,1
DA:43,1
DA:44,1
DA:45,1
DA:46,1
DA:47,1
DA:48,1
DA:49,1
DA:50,1
DA:51,1
DA:52,1
DA:53,1
DA:54,1
DA:55,1
DA:56,1
DA:57,1
DA:58,1
DA:59,1
DA:60,1
DA:61,1
DA:62,1
DA:63,1
DA:64,1
DA:65,1
DA:66,1
DA:67,1
DA:68,1
DA:69,1
DA:70,1
DA:71,1
DA:72,1
DA:73,1
DA:74,1
DA:75,1
DA:76,1
DA:77,1
DA:78,1
DA:79,5
DA:80,5
DA:81,1
DA:82,5
DA:83,5
DA:84,1
DA:85,1
DA:86,1
DA:87,1
DA:88,1
DA:89,1
DA:90,1
DA:91,6
DA:92,6
DA:93,1
DA:94,1
DA:95,1
DA:96,1
DA:97,1
DA:98,1
DA:99,1
DA:100,1
LF:100
LH:100
BRDA:3,0,0,1
BRDA:7,1,0,2
BRDA:11,2,0,4
BRDA:23,3,0,3
BRDA:26,4,0,3
BRDA:29,5,0,3
BRDA:32,6,0,3
BRDA:37,7,0,1
BRDA:78,8,0,5
BRDA:81,9,0,5
BRDA:87,10,0,1
BRDA:90,11,0,6
BRF:12
BRH:12
end_of_record
TN:
SF:src/styles/main.css
FNF:0
FNH:0
DA:1,1
LF:1
LH:1
BRF:0
BRH:0
end_of_record
